e:\nlp\jsgfkit\jsgfkit\x64\debug\vc140.pdb
e:\nlp\jsgfkit\jsgfkit\x64\debug\vc140.idb
e:\nlp\jsgfkit\jsgfkit\x64\debug\alternativeset.obj
e:\nlp\jsgfkit\jsgfkit\x64\debug\expansion.obj
e:\nlp\jsgfkit\jsgfkit\x64\debug\grammar.obj
e:\nlp\jsgfkit\jsgfkit\x64\debug\kleenestar.obj
e:\nlp\jsgfkit\jsgfkit\x64\debug\main.obj
e:\nlp\jsgfkit\jsgfkit\x64\debug\matchinfo.obj
e:\nlp\jsgfkit\jsgfkit\x64\debug\matchresult.obj
e:\nlp\jsgfkit\jsgfkit\x64\debug\optionalgrouping.obj
e:\nlp\jsgfkit\jsgfkit\x64\debug\plusoperator.obj
e:\nlp\jsgfkit\jsgfkit\x64\debug\requiredgrouping.obj
e:\nlp\jsgfkit\jsgfkit\x64\debug\rule.obj
e:\nlp\jsgfkit\jsgfkit\x64\debug\rulereference.obj
e:\nlp\jsgfkit\jsgfkit\x64\debug\sequence.obj
e:\nlp\jsgfkit\jsgfkit\x64\debug\tag.obj
e:\nlp\jsgfkit\jsgfkit\x64\debug\token.obj
e:\nlp\jsgfkit\jsgfkit\x64\debug\unparsedsection.obj
e:\nlp\jsgfkit\x64\debug\jsgfkit.ilk
e:\nlp\jsgfkit\x64\debug\jsgfkit.exe
e:\nlp\jsgfkit\x64\debug\jsgfkit.pdb
e:\nlp\jsgfkit\jsgfkit\x64\debug\jsgfkit.tlog\cl.command.1.tlog
e:\nlp\jsgfkit\jsgfkit\x64\debug\jsgfkit.tlog\cl.read.1.tlog
e:\nlp\jsgfkit\jsgfkit\x64\debug\jsgfkit.tlog\cl.write.1.tlog
e:\nlp\jsgfkit\jsgfkit\x64\debug\jsgfkit.tlog\link.command.1.tlog
e:\nlp\jsgfkit\jsgfkit\x64\debug\jsgfkit.tlog\link.read.1.tlog
e:\nlp\jsgfkit\jsgfkit\x64\debug\jsgfkit.tlog\link.write.1.tlog
